<?xml version="1.0" encoding="UTF-8"?>
<!-- Generated by org.testng.reporters.JUnitXMLReporter -->
<testsuite ignored="0" hostname="Rakeshs-MacBook-Air.local" failures="0" tests="1" name="Test" time="0.029" errors="0" timestamp="2025-04-07T11:47:21 IST">
  <testcase classname="CrosssBrowserTesting.CrossBrowserTestingDemo" name="@BeforeMethod LaunchBrowser" time="0.007">
    <failure type="java.lang.IllegalArgumentException" message="Invalid Browser :Chrome">
      <![CDATA[java.lang.IllegalArgumentException: Invalid Browser :Chrome
at CrosssBrowserTesting.CrossBrowserTestingDemo.LaunchBrowser(CrossBrowserTestingDemo.java:36)
at java.base/java.util.ArrayList.forEach(ArrayList.java:1604)
... Removed 29 stack frames]]>
    </failure>
  </testcase> <!-- @BeforeMethod LaunchBrowser -->
  <testcase classname="CrosssBrowserTesting.CrossBrowserTestingDemo" name="@AfterMethod teraDown" time="0.0">
    <skipped/>
  </testcase> <!-- @AfterMethod teraDown -->
  <testcase classname="CrosssBrowserTesting.CrossBrowserTestingDemo" name="VerifyTitle" time="0.0">
    <skipped/>
  </testcase> <!-- VerifyTitle -->
</testsuite> <!-- Test -->
